2022-07-30 18:50:16,224 WARNING werkzeug MainThread :  * Debugger is active!
2022-07-30 18:50:16,228 INFO werkzeug MainThread :  * Debugger PIN: 137-784-449
2022-07-30 18:50:16,407 INFO werkzeug Thread-1 :  * Running on http://127.0.0.1:8080/ (Press CTRL+C to quit)
2022-07-30 18:50:17,685 INFO werkzeug MainThread :  * Detected change in 'C:\\Users\\thesc\\Desktop\\covid\\user_interface.py', reloading
2022-07-30 18:50:19,599 WARNING werkzeug MainThread :  * Debugger is active!
2022-07-30 18:50:19,603 INFO werkzeug MainThread :  * Debugger PIN: 137-784-449
2022-07-30 18:50:19,768 INFO werkzeug Thread-1 :  * Running on http://127.0.0.1:8080/ (Press CTRL+C to quit)
2022-07-30 18:55:10,270 INFO werkzeug MainThread :  * Detected change in 'C:\\Users\\thesc\\Desktop\\covid\\user_interface.py', reloading
2022-07-30 18:55:12,292 WARNING werkzeug MainThread :  * Debugger is active!
2022-07-30 18:55:12,295 INFO werkzeug MainThread :  * Debugger PIN: 137-784-449
2022-07-30 18:55:12,452 INFO werkzeug Thread-1 :  * Running on http://127.0.0.1:8080/ (Press CTRL+C to quit)
2022-07-30 18:55:35,804 INFO werkzeug MainThread :  * Detected change in 'C:\\Users\\thesc\\Desktop\\covid\\user_interface.py', reloading
2022-07-30 18:56:01,911 INFO werkzeug MainThread :  * Restarting with stat
2022-07-30 18:56:03,598 WARNING werkzeug MainThread :  * Debugger is active!
2022-07-30 18:56:03,601 INFO werkzeug MainThread :  * Debugger PIN: 137-784-449
2022-07-30 18:56:03,754 INFO werkzeug Thread-1 :  * Running on http://127.0.0.1:8080/ (Press CTRL+C to quit)
2022-07-30 18:57:41,436 INFO user_interface Thread-2 : Info level log
2022-07-30 18:57:41,436 WARNING user_interface Thread-2 : Warning level log
2022-07-30 18:57:41,444 DEBUG urllib3.connectionpool Thread-2 : Starting new HTTPS connection (1): api.coronavirus.data.gov.uk:443
2022-07-30 18:57:42,443 DEBUG urllib3.connectionpool Thread-2 : https://api.coronavirus.data.gov.uk:443 "GET /v1/data?filters=areaType%3Dnation%3BareaName%3DEngland&structure=%7B%22date%22%3A%22date%22%2C%22areaName%22%3A%22areaName%22%2C%22areaCode%22%3A%22areaCode%22%2C%22newCasesByPublishDate%22%3A%22newCasesByPublishDate%22%2C%22cumCasesByPublishDate%22%3A%22cumCasesByPublishDate%22%2C%22newDeaths28DaysByDeathDate%22%3A%22newDeaths28DaysByDeathDate%22%2C%22cumDeaths28DaysByDeathDate%22%3A%22cumDeaths28DaysByDeathDate%22%2C%22hospitalCases%22%3A%22hospitalCases%22%2C%22daily%22%3A%22newCasesBySpecimenDate%22%7D&format=json&page=1 HTTP/1.1" 200 None
2022-07-30 18:57:42,454 DEBUG urllib3.connectionpool Thread-2 : Starting new HTTPS connection (1): api.coronavirus.data.gov.uk:443
2022-07-30 18:57:43,371 DEBUG urllib3.connectionpool Thread-2 : https://api.coronavirus.data.gov.uk:443 "GET /v1/data?filters=areaType%3Dnation%3BareaName%3DEngland&structure=%7B%22date%22%3A%22date%22%2C%22areaName%22%3A%22areaName%22%2C%22areaCode%22%3A%22areaCode%22%2C%22newCasesByPublishDate%22%3A%22newCasesByPublishDate%22%2C%22cumCasesByPublishDate%22%3A%22cumCasesByPublishDate%22%2C%22newDeaths28DaysByDeathDate%22%3A%22newDeaths28DaysByDeathDate%22%2C%22cumDeaths28DaysByDeathDate%22%3A%22cumDeaths28DaysByDeathDate%22%2C%22hospitalCases%22%3A%22hospitalCases%22%2C%22daily%22%3A%22newCasesBySpecimenDate%22%7D&format=json&page=2 HTTP/1.1" 204 0
2022-07-30 18:57:43,381 DEBUG urllib3.connectionpool Thread-2 : Starting new HTTPS connection (1): api.coronavirus.data.gov.uk:443
2022-07-30 18:57:43,832 DEBUG urllib3.connectionpool Thread-2 : https://api.coronavirus.data.gov.uk:443 "GET /v1/data?filters=areaType%3Dnation%3BareaName%3DEngland&structure=%7B%22date%22%3A%22date%22%2C%22areaName%22%3A%22areaName%22%2C%22areaCode%22%3A%22areaCode%22%2C%22newCasesByPublishDate%22%3A%22newCasesByPublishDate%22%2C%22cumCasesByPublishDate%22%3A%22cumCasesByPublishDate%22%2C%22newDeaths28DaysByDeathDate%22%3A%22newDeaths28DaysByDeathDate%22%2C%22cumDeaths28DaysByDeathDate%22%3A%22cumDeaths28DaysByDeathDate%22%2C%22hospitalCases%22%3A%22hospitalCases%22%2C%22daily%22%3A%22newCasesBySpecimenDate%22%7D&format=json&page=1 HTTP/1.1" 200 None
2022-07-30 18:57:43,839 DEBUG urllib3.connectionpool Thread-2 : Starting new HTTPS connection (1): api.coronavirus.data.gov.uk:443
2022-07-30 18:57:44,666 DEBUG urllib3.connectionpool Thread-2 : https://api.coronavirus.data.gov.uk:443 "GET /v1/data?filters=areaType%3Dnation%3BareaName%3DEngland&structure=%7B%22date%22%3A%22date%22%2C%22areaName%22%3A%22areaName%22%2C%22areaCode%22%3A%22areaCode%22%2C%22newCasesByPublishDate%22%3A%22newCasesByPublishDate%22%2C%22cumCasesByPublishDate%22%3A%22cumCasesByPublishDate%22%2C%22newDeaths28DaysByDeathDate%22%3A%22newDeaths28DaysByDeathDate%22%2C%22cumDeaths28DaysByDeathDate%22%3A%22cumDeaths28DaysByDeathDate%22%2C%22hospitalCases%22%3A%22hospitalCases%22%2C%22daily%22%3A%22newCasesBySpecimenDate%22%7D&format=json&page=2 HTTP/1.1" 204 0
2022-07-30 18:57:44,671 DEBUG urllib3.connectionpool Thread-2 : Starting new HTTPS connection (1): api.coronavirus.data.gov.uk:443
2022-07-30 18:57:45,149 DEBUG urllib3.connectionpool Thread-2 : https://api.coronavirus.data.gov.uk:443 "GET /v1/data?filters=areaType%3Dnation%3BareaName%3DEngland&structure=%7B%22date%22%3A%22date%22%2C%22areaName%22%3A%22areaName%22%2C%22areaCode%22%3A%22areaCode%22%2C%22newCasesByPublishDate%22%3A%22newCasesByPublishDate%22%2C%22cumCasesByPublishDate%22%3A%22cumCasesByPublishDate%22%2C%22newDeaths28DaysByDeathDate%22%3A%22newDeaths28DaysByDeathDate%22%2C%22cumDeaths28DaysByDeathDate%22%3A%22cumDeaths28DaysByDeathDate%22%2C%22hospitalCases%22%3A%22hospitalCases%22%2C%22daily%22%3A%22newCasesBySpecimenDate%22%7D&format=json&page=1 HTTP/1.1" 200 None
2022-07-30 18:57:45,156 DEBUG urllib3.connectionpool Thread-2 : Starting new HTTPS connection (1): api.coronavirus.data.gov.uk:443
2022-07-30 18:57:45,432 INFO user_interface Thread-3 : Info level log
2022-07-30 18:57:45,432 WARNING user_interface Thread-3 : Warning level log
2022-07-30 18:57:45,435 DEBUG urllib3.connectionpool Thread-3 : Starting new HTTPS connection (1): api.coronavirus.data.gov.uk:443
2022-07-30 18:57:45,899 DEBUG urllib3.connectionpool Thread-3 : https://api.coronavirus.data.gov.uk:443 "GET /v1/data?filters=areaType%3Dnation%3BareaName%3DEngland&structure=%7B%22date%22%3A%22date%22%2C%22areaName%22%3A%22areaName%22%2C%22areaCode%22%3A%22areaCode%22%2C%22newCasesByPublishDate%22%3A%22newCasesByPublishDate%22%2C%22cumCasesByPublishDate%22%3A%22cumCasesByPublishDate%22%2C%22newDeaths28DaysByDeathDate%22%3A%22newDeaths28DaysByDeathDate%22%2C%22cumDeaths28DaysByDeathDate%22%3A%22cumDeaths28DaysByDeathDate%22%2C%22hospitalCases%22%3A%22hospitalCases%22%2C%22daily%22%3A%22newCasesBySpecimenDate%22%7D&format=json&page=1 HTTP/1.1" 200 None
2022-07-30 18:57:45,907 DEBUG urllib3.connectionpool Thread-3 : Starting new HTTPS connection (1): api.coronavirus.data.gov.uk:443
2022-07-30 18:57:45,976 DEBUG urllib3.connectionpool Thread-2 : https://api.coronavirus.data.gov.uk:443 "GET /v1/data?filters=areaType%3Dnation%3BareaName%3DEngland&structure=%7B%22date%22%3A%22date%22%2C%22areaName%22%3A%22areaName%22%2C%22areaCode%22%3A%22areaCode%22%2C%22newCasesByPublishDate%22%3A%22newCasesByPublishDate%22%2C%22cumCasesByPublishDate%22%3A%22cumCasesByPublishDate%22%2C%22newDeaths28DaysByDeathDate%22%3A%22newDeaths28DaysByDeathDate%22%2C%22cumDeaths28DaysByDeathDate%22%3A%22cumDeaths28DaysByDeathDate%22%2C%22hospitalCases%22%3A%22hospitalCases%22%2C%22daily%22%3A%22newCasesBySpecimenDate%22%7D&format=json&page=2 HTTP/1.1" 204 0
2022-07-30 18:57:45,981 DEBUG urllib3.connectionpool Thread-2 : Starting new HTTPS connection (1): api.coronavirus.data.gov.uk:443
2022-07-30 18:57:46,665 DEBUG urllib3.connectionpool Thread-3 : https://api.coronavirus.data.gov.uk:443 "GET /v1/data?filters=areaType%3Dnation%3BareaName%3DEngland&structure=%7B%22date%22%3A%22date%22%2C%22areaName%22%3A%22areaName%22%2C%22areaCode%22%3A%22areaCode%22%2C%22newCasesByPublishDate%22%3A%22newCasesByPublishDate%22%2C%22cumCasesByPublishDate%22%3A%22cumCasesByPublishDate%22%2C%22newDeaths28DaysByDeathDate%22%3A%22newDeaths28DaysByDeathDate%22%2C%22cumDeaths28DaysByDeathDate%22%3A%22cumDeaths28DaysByDeathDate%22%2C%22hospitalCases%22%3A%22hospitalCases%22%2C%22daily%22%3A%22newCasesBySpecimenDate%22%7D&format=json&page=2 HTTP/1.1" 204 0
2022-07-30 18:57:46,671 DEBUG urllib3.connectionpool Thread-3 : Starting new HTTPS connection (1): api.coronavirus.data.gov.uk:443
2022-07-30 18:57:46,847 DEBUG urllib3.connectionpool Thread-2 : https://api.coronavirus.data.gov.uk:443 "GET /v1/data?filters=areaType%3Dltla%3BareaName%3DExeter&structure=%7B%22date%22%3A%22date%22%2C%22areaName%22%3A%22areaName%22%2C%22areaCode%22%3A%22areaCode%22%2C%22newCasesByPublishDate%22%3A%22newCasesByPublishDate%22%2C%22cumCasesByPublishDate%22%3A%22cumCasesByPublishDate%22%2C%22newDeaths28DaysByDeathDate%22%3A%22newDeaths28DaysByDeathDate%22%2C%22cumDeaths28DaysByDeathDate%22%3A%22cumDeaths28DaysByDeathDate%22%2C%22hospitalCases%22%3A%22hospitalCases%22%2C%22daily%22%3A%22newCasesBySpecimenDate%22%7D&format=json&page=1 HTTP/1.1" 200 None
2022-07-30 18:57:46,855 DEBUG urllib3.connectionpool Thread-2 : Starting new HTTPS connection (1): api.coronavirus.data.gov.uk:443
2022-07-30 18:57:47,125 DEBUG urllib3.connectionpool Thread-3 : https://api.coronavirus.data.gov.uk:443 "GET /v1/data?filters=areaType%3Dnation%3BareaName%3DEngland&structure=%7B%22date%22%3A%22date%22%2C%22areaName%22%3A%22areaName%22%2C%22areaCode%22%3A%22areaCode%22%2C%22newCasesByPublishDate%22%3A%22newCasesByPublishDate%22%2C%22cumCasesByPublishDate%22%3A%22cumCasesByPublishDate%22%2C%22newDeaths28DaysByDeathDate%22%3A%22newDeaths28DaysByDeathDate%22%2C%22cumDeaths28DaysByDeathDate%22%3A%22cumDeaths28DaysByDeathDate%22%2C%22hospitalCases%22%3A%22hospitalCases%22%2C%22daily%22%3A%22newCasesBySpecimenDate%22%7D&format=json&page=1 HTTP/1.1" 200 None
2022-07-30 18:57:47,132 DEBUG urllib3.connectionpool Thread-3 : Starting new HTTPS connection (1): api.coronavirus.data.gov.uk:443
2022-07-30 18:57:47,719 DEBUG urllib3.connectionpool Thread-2 : https://api.coronavirus.data.gov.uk:443 "GET /v1/data?filters=areaType%3Dltla%3BareaName%3DExeter&structure=%7B%22date%22%3A%22date%22%2C%22areaName%22%3A%22areaName%22%2C%22areaCode%22%3A%22areaCode%22%2C%22newCasesByPublishDate%22%3A%22newCasesByPublishDate%22%2C%22cumCasesByPublishDate%22%3A%22cumCasesByPublishDate%22%2C%22newDeaths28DaysByDeathDate%22%3A%22newDeaths28DaysByDeathDate%22%2C%22cumDeaths28DaysByDeathDate%22%3A%22cumDeaths28DaysByDeathDate%22%2C%22hospitalCases%22%3A%22hospitalCases%22%2C%22daily%22%3A%22newCasesBySpecimenDate%22%7D&format=json&page=2 HTTP/1.1" 204 0
2022-07-30 18:57:47,727 INFO werkzeug Thread-2 : 127.0.0.1 - - [30/Jul/2022 18:57:47] "GET / HTTP/1.1" 200 -
2022-07-30 18:57:47,933 DEBUG urllib3.connectionpool Thread-3 : https://api.coronavirus.data.gov.uk:443 "GET /v1/data?filters=areaType%3Dnation%3BareaName%3DEngland&structure=%7B%22date%22%3A%22date%22%2C%22areaName%22%3A%22areaName%22%2C%22areaCode%22%3A%22areaCode%22%2C%22newCasesByPublishDate%22%3A%22newCasesByPublishDate%22%2C%22cumCasesByPublishDate%22%3A%22cumCasesByPublishDate%22%2C%22newDeaths28DaysByDeathDate%22%3A%22newDeaths28DaysByDeathDate%22%2C%22cumDeaths28DaysByDeathDate%22%3A%22cumDeaths28DaysByDeathDate%22%2C%22hospitalCases%22%3A%22hospitalCases%22%2C%22daily%22%3A%22newCasesBySpecimenDate%22%7D&format=json&page=2 HTTP/1.1" 204 0
2022-07-30 18:57:47,939 DEBUG urllib3.connectionpool Thread-3 : Starting new HTTPS connection (1): api.coronavirus.data.gov.uk:443
2022-07-30 18:57:48,380 DEBUG urllib3.connectionpool Thread-3 : https://api.coronavirus.data.gov.uk:443 "GET /v1/data?filters=areaType%3Dnation%3BareaName%3DEngland&structure=%7B%22date%22%3A%22date%22%2C%22areaName%22%3A%22areaName%22%2C%22areaCode%22%3A%22areaCode%22%2C%22newCasesByPublishDate%22%3A%22newCasesByPublishDate%22%2C%22cumCasesByPublishDate%22%3A%22cumCasesByPublishDate%22%2C%22newDeaths28DaysByDeathDate%22%3A%22newDeaths28DaysByDeathDate%22%2C%22cumDeaths28DaysByDeathDate%22%3A%22cumDeaths28DaysByDeathDate%22%2C%22hospitalCases%22%3A%22hospitalCases%22%2C%22daily%22%3A%22newCasesBySpecimenDate%22%7D&format=json&page=1 HTTP/1.1" 200 None
2022-07-30 18:57:48,387 DEBUG urllib3.connectionpool Thread-3 : Starting new HTTPS connection (1): api.coronavirus.data.gov.uk:443
2022-07-30 18:57:49,110 DEBUG urllib3.connectionpool Thread-3 : https://api.coronavirus.data.gov.uk:443 "GET /v1/data?filters=areaType%3Dnation%3BareaName%3DEngland&structure=%7B%22date%22%3A%22date%22%2C%22areaName%22%3A%22areaName%22%2C%22areaCode%22%3A%22areaCode%22%2C%22newCasesByPublishDate%22%3A%22newCasesByPublishDate%22%2C%22cumCasesByPublishDate%22%3A%22cumCasesByPublishDate%22%2C%22newDeaths28DaysByDeathDate%22%3A%22newDeaths28DaysByDeathDate%22%2C%22cumDeaths28DaysByDeathDate%22%3A%22cumDeaths28DaysByDeathDate%22%2C%22hospitalCases%22%3A%22hospitalCases%22%2C%22daily%22%3A%22newCasesBySpecimenDate%22%7D&format=json&page=2 HTTP/1.1" 204 0
2022-07-30 18:57:49,115 DEBUG urllib3.connectionpool Thread-3 : Starting new HTTPS connection (1): api.coronavirus.data.gov.uk:443
2022-07-30 18:57:49,572 DEBUG urllib3.connectionpool Thread-3 : https://api.coronavirus.data.gov.uk:443 "GET /v1/data?filters=areaType%3Dltla%3BareaName%3DExeter&structure=%7B%22date%22%3A%22date%22%2C%22areaName%22%3A%22areaName%22%2C%22areaCode%22%3A%22areaCode%22%2C%22newCasesByPublishDate%22%3A%22newCasesByPublishDate%22%2C%22cumCasesByPublishDate%22%3A%22cumCasesByPublishDate%22%2C%22newDeaths28DaysByDeathDate%22%3A%22newDeaths28DaysByDeathDate%22%2C%22cumDeaths28DaysByDeathDate%22%3A%22cumDeaths28DaysByDeathDate%22%2C%22hospitalCases%22%3A%22hospitalCases%22%2C%22daily%22%3A%22newCasesBySpecimenDate%22%7D&format=json&page=1 HTTP/1.1" 200 None
2022-07-30 18:57:49,580 DEBUG urllib3.connectionpool Thread-3 : Starting new HTTPS connection (1): api.coronavirus.data.gov.uk:443
2022-07-30 18:57:50,365 DEBUG urllib3.connectionpool Thread-3 : https://api.coronavirus.data.gov.uk:443 "GET /v1/data?filters=areaType%3Dltla%3BareaName%3DExeter&structure=%7B%22date%22%3A%22date%22%2C%22areaName%22%3A%22areaName%22%2C%22areaCode%22%3A%22areaCode%22%2C%22newCasesByPublishDate%22%3A%22newCasesByPublishDate%22%2C%22cumCasesByPublishDate%22%3A%22cumCasesByPublishDate%22%2C%22newDeaths28DaysByDeathDate%22%3A%22newDeaths28DaysByDeathDate%22%2C%22cumDeaths28DaysByDeathDate%22%3A%22cumDeaths28DaysByDeathDate%22%2C%22hospitalCases%22%3A%22hospitalCases%22%2C%22daily%22%3A%22newCasesBySpecimenDate%22%7D&format=json&page=2 HTTP/1.1" 204 0
2022-07-30 18:57:50,369 INFO werkzeug Thread-3 : 127.0.0.1 - - [30/Jul/2022 18:57:50] "GET / HTTP/1.1" 200 -
2022-07-30 18:57:50,838 INFO werkzeug Thread-4 : 127.0.0.1 - - [30/Jul/2022 18:57:50] "[36mGET /static/img/covid.jpg HTTP/1.1[0m" 304 -
2022-07-30 19:06:29,168 INFO werkzeug MainThread :  * Restarting with stat
2022-07-30 19:06:30,313 WARNING werkzeug MainThread :  * Debugger is active!
2022-07-30 19:06:30,316 INFO werkzeug MainThread :  * Debugger PIN: 137-784-449
2022-07-30 19:06:30,466 INFO werkzeug Thread-1 :  * Running on http://127.0.0.1:8080/ (Press CTRL+C to quit)
